2022-06-11 03:56:56	| Data	|	SELECT * FROM general_users WHERE `username`='nesty' AND `password`='a4fd01f750dabff701339a213c3be6af'
2022-06-11 03:57:12	| Data	|	SELECT * FROM general_users WHERE `username`='nesty' AND `password`='835fd109612357f588da6cbd51cd4647'
2022-06-11 03:57:22	| Data	|	SELECT * FROM general_users WHERE `username`='nesty' AND `password`='a4fd01f750dabff701339a213c3be6af'
2022-06-11 04:01:11	| Data	|	SELECT * FROM general_users WHERE `username`='nesty' AND `password`='7815696ecbf1c96e6894b779456d330e'
2022-06-11 04:01:19	| Data	|	SELECT * FROM general_users WHERE `username`='nesty' AND `password`='a4fd01f750dabff701339a213c3be6af'
2022-06-11 04:02:16	| Data	|	SELECT * FROM general_users WHERE `username`='asd' AND `password`='7815696ecbf1c96e6894b779456d330e'
2022-06-11 04:02:38	| Data	|	SELECT * FROM general_users WHERE `username`='asd' AND `password`='7815696ecbf1c96e6894b779456d330e'
2022-06-11 04:02:53	| Data	|	SELECT * FROM general_users WHERE `username`='asd' AND `password`='7815696ecbf1c96e6894b779456d330e'
2022-06-11 04:02:56	| Data	|	SELECT * FROM general_users WHERE `username`='asd' AND `password`='7815696ecbf1c96e6894b779456d330e'
2022-06-11 04:03:13	| Data	|	SELECT * FROM general_users WHERE `username`='asd' AND `password`='7815696ecbf1c96e6894b779456d330e'
2022-06-11 04:07:02	| Data	|	SELECT * FROM general_users WHERE `username`='asd' AND `password`='7815696ecbf1c96e6894b779456d330e'
2022-06-11 04:12:35	| Data	|	SELECT * FROM general_users WHERE `username`='asd' AND `password`='7815696ecbf1c96e6894b779456d330e'
2022-06-11 04:12:42	| Data	|	SELECT * FROM general_users WHERE `username`='nesty' AND `password`='a4fd01f750dabff701339a213c3be6af'
2022-06-11 04:15:12	| Logi	|	SELECT * FROM general_users WHERE `username`='nesty' AND `password`='a4fd01f750dabff701339a213c3be6af'
2022-06-11 04:17:52	| Data	|	DELETE FROM main_vouchers WHERE `id` = 20
2022-06-11 04:17:53	| Data	|	DELETE FROM main_vouchers WHERE `id` = 19
2022-06-11 16:58:04	| Data	|	SELECT * FROM general_users
2022-06-11 16:58:51	| Data	|	SELECT * FROM general_users
2022-06-11 16:59:31	| Data	|	SELECT * FROM general_users
2022-06-11 17:00:10	| Data	|	SELECT * FROM general_users
2022-06-11 17:00:19	| Data	|	SELECT * FROM general_users
2022-06-11 17:02:04	| Data	|	SELECT * FROM general_users
2022-06-11 17:03:15	| Data	|	SELECT * FROM general_users
2022-06-11 17:03:48	| Data	|	SELECT * FROM general_users
2022-06-11 17:03:57	| Data	|	SELECT * FROM general_users
2022-06-11 17:07:22	| Data	|	SELECT * FROM general_users
2022-06-11 17:11:49	| Data	|	SELECT * FROM general_users
2022-06-11 17:11:57	| Data	|	SELECT * FROM general_users
2022-06-11 17:17:02	| Data	|	SELECT * FROM general_users
2022-06-11 17:17:04	| Data	|	SELECT * FROM general_users
2022-06-11 17:17:06	| Data	|	SELECT * FROM general_users
2022-06-11 17:17:23	| Data	|	SELECT * FROM general_users
2022-06-11 17:17:59	| Data	|	SELECT * FROM general_users
2022-06-11 17:18:09	| Data	|	SELECT * FROM general_users
2022-06-11 17:18:22	| Data	|	SELECT * FROM general_users
2022-06-11 17:18:42	| Data	|	SELECT * FROM general_users
2022-06-11 17:19:28	| Data	|	SELECT * FROM general_users
2022-06-11 17:19:29	| Data	|	SELECT * FROM general_users
2022-06-11 17:19:55	| Data	|	SELECT * FROM general_users
2022-06-11 17:19:56	| Data	|	SELECT * FROM general_users
2022-06-11 17:20:57	| Data	|	SELECT * FROM general_users
2022-06-11 17:20:57	| Data	|	SELECT * FROM general_users
2022-06-11 17:21:40	| Data	|	SELECT * FROM general_users
2022-06-11 17:21:50	| Data	|	SELECT * FROM general_users
2022-06-11 17:21:50	| Data	|	SELECT * FROM general_users
2022-06-11 17:22:11	| Data	|	SELECT * FROM general_users
2022-06-11 17:22:13	| Data	|	SELECT * FROM general_users
2022-06-11 17:23:19	| Data	|	SELECT * FROM general_users
2022-06-11 17:23:19	| Data	|	SELECT * FROM general_users
2022-06-11 17:23:20	| Data	|	SELECT * FROM general_users
2022-06-11 17:23:27	| Data	|	SELECT * FROM general_users
2022-06-11 17:24:20	| Data	|	SELECT * FROM general_users
2022-06-11 17:24:26	| Data	|	SELECT * FROM general_users
2022-06-11 17:25:35	| Data	|	SELECT * FROM general_users
2022-06-11 17:25:36	| Data	|	SELECT * FROM general_users
2022-06-11 17:25:42	| Data	|	SELECT * FROM general_users
2022-06-11 17:25:43	| Data	|	SELECT * FROM general_users
2022-06-11 17:26:43	| Data	|	SELECT * FROM general_users
2022-06-11 17:26:44	| Data	|	SELECT * FROM general_users
2022-06-11 17:26:56	| Data	|	SELECT * FROM general_users
2022-06-11 17:26:56	| Data	|	SELECT * FROM general_users
2022-06-11 17:28:48	| Data	|	SELECT * FROM general_users
2022-06-11 17:28:49	| Data	|	SELECT * FROM general_users
2022-06-11 17:30:23	| Data	|	SELECT * FROM general_users
2022-06-11 17:30:24	| Data	|	SELECT * FROM general_users
2022-06-11 17:30:25	| Data	|	SELECT * FROM general_users
2022-06-11 17:30:26	| Data	|	SELECT * FROM general_users
2022-06-11 17:30:31	| Data	|	SELECT * FROM general_users
2022-06-11 17:30:32	| Data	|	SELECT * FROM general_users
2022-06-11 17:30:36	| Data	|	SELECT * FROM general_users
2022-06-11 17:30:36	| Data	|	SELECT * FROM general_users
2022-06-11 17:33:18	| Data	|	SELECT * FROM general_users
2022-06-11 17:33:22	| Data	|	SELECT * FROM general_users
2022-06-11 17:35:08	| Data	|	SELECT * FROM general_users
2022-06-11 17:35:08	| Data	|	SELECT * FROM general_users
2022-06-11 17:35:09	| Data	|	SELECT * FROM general_users
2022-06-11 17:35:09	| Data	|	SELECT * FROM general_users
2022-06-11 17:35:09	| Data	|	SELECT * FROM general_users
2022-06-11 17:35:09	| Data	|	SELECT * FROM general_users
2022-06-11 17:38:00	| Data	|	SELECT * FROM general_users
2022-06-11 17:38:22	| Data	|	INSERT INTO general_users( `username`, `password`, `role`)
        VALUES ('','d41d8cd98f00b204e9800998ecf8427e','root');
2022-06-11 17:39:06	| Data	|	SELECT * FROM general_users
2022-06-11 17:39:19	| Data	|	INSERT INTO general_users( `username`, `password`, `role`)
        VALUES ('','d41d8cd98f00b204e9800998ecf8427e','root');
2022-06-11 17:41:01	| Data	|	SELECT * FROM general_users
2022-06-11 17:41:14	| Data	|	INSERT INTO general_users( `username`, `password`, `role`)
        VALUES ('os_nesty','d41d8cd98f00b204e9800998ecf8427e','root');
2022-06-11 17:41:16	| Data	|	SELECT * FROM general_users
2022-06-11 17:56:27	| Data	|	SELECT * FROM general_users
2022-06-11 17:57:15	| Data	|	SELECT * FROM general_users
2022-06-11 17:57:29	| Data	|	SELECT * FROM general_users
2022-06-11 17:57:32	| Data	|	SELECT * FROM general_users
2022-06-11 17:58:09	| Data	|	SELECT *, password = "" FROM general_users
2022-06-11 17:58:16	| Data	|	SELECT *, password as "" FROM general_users
2022-06-11 17:59:12	| Data	|	SELECT *, "" as `password` FROM general_users
2022-06-11 17:59:26	| Data	|	SELECT *, "hidden" as `password` FROM general_users
2022-06-11 17:59:54	| Data	|	SELECT *, "hidden" as `password` FROM general_users
2022-06-11 17:59:54	| Data	|	SELECT *, "hidden" as `password` FROM general_users
2022-06-11 18:00:45	| Data	|	SELECT *, "hidden" as `password` FROM general_users
2022-06-11 18:00:54	| Data	|	SELECT *, "hidden" as `password` FROM general_users
2022-06-11 18:00:55	| Data	|	SELECT *, "hidden" as `password` FROM general_users
2022-06-11 19:14:43	| Data	|	SELECT *, "hidden" as `password` FROM general_users
2022-06-11 19:17:06	| Data	|	SELECT *, "hidden" as `password` FROM general_users
2022-06-11 19:17:18	| Data	|	SELECT *, "hidden" as `password` FROM general_users
2022-06-11 19:17:24	| Data	|	SELECT *, "hidden" as `password` FROM general_users
2022-06-11 19:17:56	| Data	|	SELECT *, "hidden" as `password` FROM general_users
2022-06-11 23:06:48	| Data	|	INSERT INTO `main_clients` (`prefix`, `name`, `lastname`, `passport`, `phone`, `email`, `address`, `country`, `date_added`, `company`, `status`, `observations`, `last_touch`) VALUES
        ('Sr.', 'Daveen', 'Spears', '14079865367', '+40 10 (829) 5937', 'dave_spears@aol.com', 'Lorem ipsum dolor sit amet consectetur adipisicing elit.', 'CN', now(), 'Yahoo', 'Overseas', 'Lorem ipsum dolor sit amet consectetur adipisicing elit.', 'ahora');
2022-06-11 23:06:49	| Data	|	INSERT INTO `main_clients` (`prefix`, `name`, `lastname`, `passport`, `phone`, `email`, `address`, `country`, `date_added`, `company`, `status`, `observations`, `last_touch`) VALUES
        ('Msc', 'Shaina', 'Mcintyre', '73770912488', '+33 7 (171) 1244', 'shai_mcintyre@gmail.com', 'Lorem ipsum dolor sit amet consectetur adipisicing elit.', 'RS', now(), 'Microsoft', 'Unknown', 'Lorem ipsum dolor sit amet consectetur adipisicing elit.', 'ahora');
2022-06-11 23:47:39	| Data	|	SELECT *, "hidden" as `password` FROM general_users
2022-06-11 23:47:46	| Data	|	SELECT *, "hidden" as `password` FROM general_users
2022-06-11 23:47:47	| Data	|	SELECT *, "hidden" as `password` FROM general_users
2022-06-11 23:48:30	| Data	|	SELECT *, "hidden" as `password` FROM general_users
