2022-06-12 01:22:19	| Data	|	SELECT *, "hidden" as `password` FROM general_users
2022-06-12 05:28:45	| Data	|	INSERT INTO `main_clients` (`prefix`, `name`, `lastname`, `passport`, `phone`, `email`, `address`, `country`, `date_added`, `company`, `status`, `observations`, `last_touch`) VALUES
        ('Sr.', 'Alanna', 'Henson', '44198784880', '+72 3 (402) 4181', 'alan_henson@aol.com', 'Lorem ipsum dolor sit amet consectetur adipisicing elit.', 'XK', now(), 'Facebook', 'Arriving', 'Lorem ipsum dolor sit amet consectetur adipisicing elit.', 'ahora');
2022-06-12 05:28:58	| Data	|	INSERT INTO `main_clients` (`prefix`, `name`, `lastname`, `passport`, `phone`, `email`, `address`, `country`, `date_added`, `company`, `status`, `observations`, `last_touch`) VALUES
        ('Sr.', 'Jose', 'Olazabal', '88090800307', '88090800307', 'os.nesty@gmail.com', 'Frierson Ave', 'US', now(), 'Microsoft Inc.', 'arrived', '', 'ahora');
2022-06-12 05:34:16	| Data	|	INSERT INTO `main_vouchers` (`main_client`, `type`, `data`, `in_date`, `out_date`, `information`, `service_partner`, `confirmation_number`) VALUES
        ('512', 'CUCA0130EST', 'Transportacion (Viñales)
	Sedan Grande', '2022-06-11', '2022-06-12', 'asd', 'Gaviota', 'asd123');
2022-06-12 05:50:43	| Data	|	SELECT *, "hidden" as `password` FROM general_users
2022-06-12 05:50:47	| Data	|	SELECT *, "hidden" as `password` FROM general_users
2022-06-12 12:22:23	| Data	|	SELECT *, "hidden" as `password` FROM general_users
2022-06-12 12:26:33	| Data	|	SELECT *, "hidden" as `password` FROM general_users
2022-06-12 12:26:34	| Data	|	SELECT *, "hidden" as `password` FROM general_users
2022-06-12 12:27:05	| Data	|	SELECT *, "hidden" as `password` FROM general_users
2022-06-12 12:27:13	| Data	|	SELECT *, "hidden" as `password` FROM general_users
2022-06-12 12:27:25	| Data	|	SELECT *, "hidden" as `password` FROM general_users
2022-06-12 12:28:18	| Data	|	SELECT *, "hidden" as `password` FROM general_users
2022-06-12 12:28:29	| Data	|	SELECT *, "hidden" as `password` FROM general_users
2022-06-12 12:28:39	| Data	|	SELECT *, "hidden" as `password` FROM general_users
2022-06-12 12:28:48	| Data	|	SELECT *, "hidden" as `password` FROM general_users
2022-06-12 12:29:12	| Data	|	SELECT *, "hidden" as `password` FROM general_users
2022-06-12 12:29:19	| Data	|	SELECT *, "hidden" as `password` FROM general_users
2022-06-12 12:30:05	| Data	|	SELECT *, "hidden" as `password` FROM general_users
2022-06-12 12:30:44	| Data	|	SELECT *, "hidden" as `password` FROM general_users
2022-06-12 12:30:52	| Data	|	SELECT *, "hidden" as `password` FROM general_users
2022-06-12 12:31:16	| Data	|	SELECT *, "hidden" as `password` FROM general_users
2022-06-12 12:31:23	| Data	|	SELECT *, "hidden" as `password` FROM general_users
2022-06-12 12:31:24	| Data	|	SELECT *, "hidden" as `password` FROM general_users
2022-06-12 12:31:48	| Data	|	SELECT *, "hidden" as `password` FROM general_users
2022-06-12 12:32:02	| Data	|	SELECT *, "hidden" as `password` FROM general_users
2022-06-12 12:32:17	| Data	|	SELECT *, "hidden" as `password` FROM general_users
2022-06-12 12:32:45	| Data	|	SELECT *, "hidden" as `password` FROM general_users
2022-06-12 12:34:46	| Data	|	SELECT *, "hidden" as `password` FROM general_users
2022-06-12 12:34:47	| Data	|	SELECT *, "hidden" as `password` FROM general_users
2022-06-12 12:34:48	| Data	|	SELECT *, "hidden" as `password` FROM general_users
2022-06-12 12:35:12	| Data	|	SELECT *, "hidden" as `password` FROM general_users
2022-06-12 12:35:29	| Data	|	SELECT *, "hidden" as `password` FROM general_users
2022-06-12 12:35:39	| Data	|	SELECT *, "hidden" as `password` FROM general_users
2022-06-12 12:35:39	| Data	|	SELECT *, "hidden" as `password` FROM general_users
2022-06-12 12:35:39	| Data	|	SELECT *, "hidden" as `password` FROM general_users
2022-06-12 12:35:39	| Data	|	SELECT *, "hidden" as `password` FROM general_users
2022-06-12 12:35:40	| Data	|	SELECT *, "hidden" as `password` FROM general_users
2022-06-12 12:35:44	| Data	|	SELECT *, "hidden" as `password` FROM general_users
2022-06-12 12:35:45	| Data	|	SELECT *, "hidden" as `password` FROM general_users
2022-06-12 12:36:15	| Data	|	SELECT *, "hidden" as `password` FROM general_users
2022-06-12 12:36:37	| Data	|	SELECT *, "hidden" as `password` FROM general_users
2022-06-12 12:36:54	| Data	|	SELECT *, "hidden" as `password` FROM general_users
2022-06-12 12:37:16	| Data	|	SELECT *, "hidden" as `password` FROM general_users
2022-06-12 12:37:27	| Data	|	SELECT *, "hidden" as `password` FROM general_users
2022-06-12 12:37:52	| Data	|	SELECT *, "hidden" as `password` FROM general_users
2022-06-12 12:38:48	| Data	|	SELECT *, "hidden" as `password` FROM general_users
2022-06-12 12:38:49	| Data	|	SELECT *, "hidden" as `password` FROM general_users
2022-06-12 12:38:56	| Data	|	SELECT *, "hidden" as `password` FROM general_users
2022-06-12 12:39:03	| Data	|	SELECT *, "hidden" as `password` FROM general_users
2022-06-12 12:39:13	| Data	|	SELECT *, "hidden" as `password` FROM general_users
2022-06-12 12:39:16	| Data	|	SELECT *, "hidden" as `password` FROM general_users
2022-06-12 12:39:21	| Data	|	SELECT *, "hidden" as `password` FROM general_users
2022-06-12 12:39:33	| Data	|	SELECT *, "hidden" as `password` FROM general_users
2022-06-12 12:39:51	| Data	|	SELECT *, "hidden" as `password` FROM general_users
2022-06-12 12:39:52	| Data	|	SELECT *, "hidden" as `password` FROM general_users
2022-06-12 12:40:16	| Data	|	SELECT *, "hidden" as `password` FROM general_users
2022-06-12 12:40:26	| Data	|	SELECT *, "hidden" as `password` FROM general_users
2022-06-12 12:40:32	| Data	|	SELECT *, "hidden" as `password` FROM general_users
2022-06-12 12:40:53	| Data	|	SELECT *, "hidden" as `password` FROM general_users
2022-06-12 12:41:03	| Data	|	SELECT *, "hidden" as `password` FROM general_users
2022-06-12 12:41:04	| Data	|	SELECT *, "hidden" as `password` FROM general_users
2022-06-12 12:41:04	| Data	|	SELECT *, "hidden" as `password` FROM general_users
2022-06-12 12:47:58	| Data	|	SELECT *, "hidden" as `password` FROM general_users
2022-06-12 12:47:58	| Data	|	SELECT *, "hidden" as `password` FROM general_users
2022-06-12 12:48:03	| Data	|	SELECT *, "hidden" as `password` FROM general_users
2022-06-12 12:48:08	| Data	|	SELECT *, "hidden" as `password` FROM general_users
2022-06-12 12:48:24	| Data	|	SELECT *, "hidden" as `password` FROM general_users
2022-06-12 12:48:25	| Data	|	SELECT *, "hidden" as `password` FROM general_users
2022-06-12 12:48:31	| Data	|	SELECT *, "hidden" as `password` FROM general_users
2022-06-12 12:48:32	| Data	|	SELECT *, "hidden" as `password` FROM general_users
2022-06-12 12:48:35	| Data	|	SELECT *, "hidden" as `password` FROM general_users
2022-06-12 12:48:36	| Data	|	SELECT *, "hidden" as `password` FROM general_users
2022-06-12 12:48:45	| Data	|	SELECT *, "hidden" as `password` FROM general_users
2022-06-12 12:48:45	| Data	|	SELECT *, "hidden" as `password` FROM general_users
2022-06-12 12:48:55	| Data	|	SELECT *, "hidden" as `password` FROM general_users
2022-06-12 12:49:13	| Data	|	SELECT *, "hidden" as `password` FROM general_users
2022-06-12 12:49:23	| Data	|	SELECT *, "hidden" as `password` FROM general_users
2022-06-12 12:49:24	| Data	|	SELECT *, "hidden" as `password` FROM general_users
2022-06-12 12:49:31	| Data	|	SELECT *, "hidden" as `password` FROM general_users
2022-06-12 12:49:45	| Data	|	SELECT *, "hidden" as `password` FROM general_users
2022-06-12 12:49:46	| Data	|	SELECT *, "hidden" as `password` FROM general_users
2022-06-12 12:50:18	| Data	|	SELECT *, "hidden" as `password` FROM general_users
2022-06-12 12:50:29	| Data	|	SELECT *, "hidden" as `password` FROM general_users
2022-06-12 19:28:13	| Data	|	SELECT *, "hidden" as `password` FROM general_users
