2022-06-06 18:08:40	| Data	|	INSERT INTO general_users( `username`, `password`, `role`)
        VALUES ('nesty','a4fd01f750dabff701339a213c3be6af','root');
2022-06-06 18:08:45	| Data	|	SELECT * FROM general_users WHERE `username`='nesty' AND `password`='a4fd01f750dabff701339a213c3be6af'
2022-06-06 18:12:49	| Data	|	INSERT INTO general_users( `username`, `password`, `role`)
        VALUES ('nesty','a4fd01f750dabff701339a213c3be6af','root');
2022-06-06 18:12:53	| Data	|	SELECT * FROM general_users WHERE `username`='nesty' AND `password`='a4fd01f750dabff701339a213c3be6af'
2022-06-06 18:20:26	| Data	|	INSERT INTO `main_clients` (`prefix`, `name`, `lastname`, `passport`, `phone`, `email`, `address`, `country`, `date_added`, `company`, `status`, `observations`, `last_touch`) VALUES
        ('Sr.', 'Jose', 'Olazabal', '88090800307', '88090800307', 'os.nesty@gmail.com', 'Frierson Ave', 'US', now(), 'Microsoft Inc.', 'unknown', '', 'ahora');
2022-06-06 18:21:36	| Data	|	DELETE FROM main_vouchers WHERE `main_client` = '491'; DELETE FROM main_clients WHERE `id` = '491';
2022-06-06 18:22:20	| Data	|	INSERT INTO `main_clients` (`prefix`, `name`, `lastname`, `passport`, `phone`, `email`, `address`, `country`, `date_added`, `company`, `status`, `observations`, `last_touch`) VALUES
        ('Sr.', 'Fernandina', 'Santos', '39542449080', '+93 9 (317) 7207', 'fern_santos@aol.com', 'Lorem ipsum dolor sit amet consectetur adipisicing elit.', 'FI', now(), 'Facebook', 'Arriving', 'Lorem ipsum dolor sit amet consectetur adipisicing elit.', 'ahora');
2022-06-06 18:22:21	| Data	|	INSERT INTO `main_clients` (`prefix`, `name`, `lastname`, `passport`, `phone`, `email`, `address`, `country`, `date_added`, `company`, `status`, `observations`, `last_touch`) VALUES
        ('Msc', 'Tallou', 'Carlson', '75555218207', '+51 7 (104) 4305', 'tall_carlson@aol.com', 'Lorem ipsum dolor sit amet consectetur adipisicing elit.', 'CZ', now(), 'Apple', 'Unknown', 'Lorem ipsum dolor sit amet consectetur adipisicing elit.', 'ahora');
2022-06-06 18:22:26	| Data	|	INSERT INTO `main_clients` (`prefix`, `name`, `lastname`, `passport`, `phone`, `email`, `address`, `country`, `date_added`, `company`, `status`, `observations`, `last_touch`) VALUES
        ('Msc', 'Alvinia', 'Dyer', '22023815501', '+29 1 (795) 215', 'alvi_dyer@yahoo.com', 'Lorem ipsum dolor sit amet consectetur adipisicing elit.', 'YE', now(), 'Yahoo', 'Unknown', 'Lorem ipsum dolor sit amet consectetur adipisicing elit.', 'ahora');
2022-06-06 18:23:32	| Data	|	INSERT INTO `main_clients` (`prefix`, `name`, `lastname`, `passport`, `phone`, `email`, `address`, `country`, `date_added`, `company`, `status`, `observations`, `last_touch`) VALUES
        ('Msc', 'Wynnie', 'Graham', '6644796755', '+30 5 (951) 2848', 'wynn_graham@outlook.com', 'Lorem ipsum dolor sit', 'BJ', now(), 'Google', 'Arriving', 'Lorem ipsum dolor sit amet consectetur adipisicing elit.', 'ahora');
2022-06-06 18:23:33	| Data	|	INSERT INTO `main_clients` (`prefix`, `name`, `lastname`, `passport`, `phone`, `email`, `address`, `country`, `date_added`, `company`, `status`, `observations`, `last_touch`) VALUES
        ('Msc', 'Neile', 'Avalos', '50651571843', '+82 5 (5) 5684', 'neil_avalos@yahoo.com', 'Lorem ipsum dolor sit', 'AS', now(), 'Samsung', 'Unknown', 'Lorem ipsum dolor sit amet consectetur adipisicing elit.', 'ahora');
2022-06-06 18:23:59	| Data	|	INSERT INTO `main_clients` (`prefix`, `name`, `lastname`, `passport`, `phone`, `email`, `address`, `country`, `date_added`, `company`, `status`, `observations`, `last_touch`) VALUES
        ('Dr.', 'Andrei', 'Bernal', '60597852288', '+31 10 (281) 2730', 'andr_bernal@outlook.com', 'Lorem ipsum dolor sit amet consectetur adipisicing elit.', 'BR', now(), 'Samsung', 'Arriving', 'Lorem ipsum dolor sit amet consectetur adipisicing elit.', 'ahora');
2022-06-06 18:23:59	| Data	|	INSERT INTO `main_clients` (`prefix`, `name`, `lastname`, `passport`, `phone`, `email`, `address`, `country`, `date_added`, `company`, `status`, `observations`, `last_touch`) VALUES
        ('Msc', 'Carlyn', 'Herrera', '40165536783', '+53 10 (320) 9340', 'carl_herrera@apple.com', 'Lorem ipsum dolor sit amet consectetur adipisicing elit.', 'BI', now(), 'Google', 'Arriving', 'Lorem ipsum dolor sit amet consectetur adipisicing elit.', 'ahora');
2022-06-06 18:24:14	| Data	|	INSERT INTO `main_clients` (`prefix`, `name`, `lastname`, `passport`, `phone`, `email`, `address`, `country`, `date_added`, `company`, `status`, `observations`, `last_touch`) VALUES
        ('Sra.', 'Krystle', 'Delacruz', '49497766447', '+53 2 (682) 4947', 'krys_delacruz@outlook.com', 'Lorem ipsum dolor sit amet consectetur adipisicing elit.', 'WS', now(), 'Google', 'Overseas', 'Lorem ipsum dolor sit amet consectetur adipisicing elit.', 'ahora');
2022-06-06 18:24:14	| Data	|	INSERT INTO `main_clients` (`prefix`, `name`, `lastname`, `passport`, `phone`, `email`, `address`, `country`, `date_added`, `company`, `status`, `observations`, `last_touch`) VALUES
        ('Msc', 'Calida', 'Ho', '59975434279', '+20 1 (627) 7931', 'cali_ho@outlook.com', 'Lorem ipsum dolor sit amet consectetur adipisicing elit.', 'JE', now(), 'Samsung', 'Arriving', 'Lorem ipsum dolor sit amet consectetur adipisicing elit.', 'ahora');
2022-06-06 18:24:34	| Data	|	INSERT INTO `main_clients` (`prefix`, `name`, `lastname`, `passport`, `phone`, `email`, `address`, `country`, `date_added`, `company`, `status`, `observations`, `last_touch`) VALUES
        ('Dr.', 'Kriste', 'Leon', '99185230585', '+88 9 (140) 486', 'kris_leon@yahoo.com', 'Lorem ipsum dolor sit amet consectetur adipisicing elit.', 'GS', now(), 'Google', 'Arrived', 'Lorem ipsum dolor sit amet consectetur adipisicing elit.', 'ahora');
2022-06-06 18:24:34	| Data	|	INSERT INTO `main_clients` (`prefix`, `name`, `lastname`, `passport`, `phone`, `email`, `address`, `country`, `date_added`, `company`, `status`, `observations`, `last_touch`) VALUES
        ('Sr.', 'Lainey', 'Melendez', '4778290120', '+55 1 (240) 5895', 'lain_melendez@aol.com', 'Lorem ipsum dolor sit amet consectetur adipisicing elit.', 'ZW', now(), 'Microsoft', 'Overseas', 'Lorem ipsum dolor sit amet consectetur adipisicing elit.', 'ahora');
2022-06-06 18:24:40	| Data	|	INSERT INTO `main_clients` (`prefix`, `name`, `lastname`, `passport`, `phone`, `email`, `address`, `country`, `date_added`, `company`, `status`, `observations`, `last_touch`) VALUES
        ('Msc', 'Meris', 'Watson', '29116331515', '+22 10 (968) 4230', 'meri_watson@aol.com', 'Lorem ipsum dolor sit amet consectetur adipisicing elit.', 'VN', now(), 'Yahoo', 'Unknown', 'Lorem ipsum dolor sit amet consectetur adipisicing elit.', 'ahora');
2022-06-06 18:24:40	| Data	|	INSERT INTO `main_clients` (`prefix`, `name`, `lastname`, `passport`, `phone`, `email`, `address`, `country`, `date_added`, `company`, `status`, `observations`, `last_touch`) VALUES
        ('Dr.', 'Morganne', 'Koch', '25833896239', '+14 4 (176) 215', 'morg_koch@gmail.com', 'Lorem ipsum dolor sit amet consectetur adipisicing elit.', 'NU', now(), 'Microsoft', 'Arriving', 'Lorem ipsum dolor sit amet consectetur adipisicing elit.', 'ahora');
2022-06-06 18:24:45	| Data	|	INSERT INTO `main_clients` (`prefix`, `name`, `lastname`, `passport`, `phone`, `email`, `address`, `country`, `date_added`, `company`, `status`, `observations`, `last_touch`) VALUES
        ('Msc', 'Sabina', 'Hendricks', '32604018107', '+79 4 (76) 4819', 'sabi_hendricks@apple.com', 'Lorem ipsum dolor sit amet consectetur adipisicing elit.', 'MO', now(), 'Microsoft', 'Traveling', 'Lorem ipsum dolor sit amet consectetur adipisicing elit.', 'ahora');
2022-06-06 18:24:46	| Data	|	INSERT INTO `main_clients` (`prefix`, `name`, `lastname`, `passport`, `phone`, `email`, `address`, `country`, `date_added`, `company`, `status`, `observations`, `last_touch`) VALUES
        ('Sra.', 'Legra', 'Romero', '97537940168', '+17 10 (798) 3617', 'legr_romero@apple.com', 'Lorem ipsum dolor sit amet consectetur adipisicing elit.', 'LU', now(), 'Apple', 'Traveling', 'Lorem ipsum dolor sit amet consectetur adipisicing elit.', 'ahora');
2022-06-06 18:24:47	| Data	|	INSERT INTO `main_clients` (`prefix`, `name`, `lastname`, `passport`, `phone`, `email`, `address`, `country`, `date_added`, `company`, `status`, `observations`, `last_touch`) VALUES
        ('Dr.', 'Carolyne', 'Mills', '46315925670', '+90 5 (380) 5590', 'caro_mills@apple.com', 'Lorem ipsum dolor sit amet consectetur adipisicing elit.', 'UM', now(), 'Facebook', 'Arrived', 'Lorem ipsum dolor sit amet consectetur adipisicing elit.', 'ahora');
2022-06-06 18:24:52	| Data	|	INSERT INTO `main_clients` (`prefix`, `name`, `lastname`, `passport`, `phone`, `email`, `address`, `country`, `date_added`, `company`, `status`, `observations`, `last_touch`) VALUES
        ('Sr.', 'Keely', 'Kent', '43367339928', '+89 2 (684) 7902', 'keel_kent@aol.com', 'Lorem ipsum dolor sit amet consectetur adipisicing elit.', 'IM', now(), 'Facebook', 'Arrived', 'Lorem ipsum dolor sit amet consectetur adipisicing elit.', 'ahora');
2022-06-06 18:24:52	| Data	|	INSERT INTO `main_clients` (`prefix`, `name`, `lastname`, `passport`, `phone`, `email`, `address`, `country`, `date_added`, `company`, `status`, `observations`, `last_touch`) VALUES
        ('Msc', 'Myranda', 'Skinner', '76438449693', '+28 6 (410) 5555', 'myra_skinner@aol.com', 'Lorem ipsum dolor sit amet consectetur adipisicing elit.', 'VA', now(), 'Microsoft', 'Unknown', 'Lorem ipsum dolor sit amet consectetur adipisicing elit.', 'ahora');
2022-06-06 18:26:07	| Data	|	DELETE FROM main_vouchers WHERE `main_client` = '498'; DELETE FROM main_clients WHERE `id` = '498';
2022-06-06 18:26:08	| Data	|	DELETE FROM main_vouchers WHERE `main_client` = '497'; DELETE FROM main_clients WHERE `id` = '497';
2022-06-06 18:26:08	| Data	|	DELETE FROM main_vouchers WHERE `main_client` = '496'; DELETE FROM main_clients WHERE `id` = '496';
2022-06-06 18:26:15	| Data	|	DELETE FROM main_vouchers WHERE `main_client` = '495'; DELETE FROM main_clients WHERE `id` = '495';
2022-06-06 18:26:15	| Data	|	DELETE FROM main_vouchers WHERE `main_client` = '494'; DELETE FROM main_clients WHERE `id` = '494';
2022-06-06 18:26:16	| Data	|	DELETE FROM main_vouchers WHERE `main_client` = '493'; DELETE FROM main_clients WHERE `id` = '493';
2022-06-06 18:26:16	| Data	|	DELETE FROM main_vouchers WHERE `main_client` = '492'; DELETE FROM main_clients WHERE `id` = '492';
