2022-06-07 01:56:40	| Data	|	INSERT INTO `main_clients` (`prefix`, `name`, `lastname`, `passport`, `phone`, `email`, `address`, `country`, `date_added`, `company`, `status`, `observations`, `last_touch`) VALUES
        ('Sra.', 'Leland', 'Maxwell', '9694170350', '+26 1 (155) 278', 'lela_maxwell@yahoo.com', 'Lorem ipsum dolor sit amet consectetur adipisicing elit.', 'IT', now(), 'Microsoft', 'Arriving', 'Lorem ipsum dolor sit amet consectetur adipisicing elit.', 'ahora');
2022-06-07 01:56:40	| Data	|	INSERT INTO `main_clients` (`prefix`, `name`, `lastname`, `passport`, `phone`, `email`, `address`, `country`, `date_added`, `company`, `status`, `observations`, `last_touch`) VALUES
        ('Sra.', 'Merci', 'Bravo', '86868568959', '+63 1 (892) 2337', 'merc_bravo@yahoo.com', 'Lorem ipsum dolor sit amet consectetur adipisicing elit.', 'ZA', now(), 'Microsoft', 'Arrived', 'Lorem ipsum dolor sit amet consectetur adipisicing elit.', 'ahora');
2022-06-07 01:56:40	| Data	|	INSERT INTO `main_clients` (`prefix`, `name`, `lastname`, `passport`, `phone`, `email`, `address`, `country`, `date_added`, `company`, `status`, `observations`, `last_touch`) VALUES
        ('Dr.', 'Kirsteni', 'Booth', '35462336432', '+46 2 (561) 3596', 'kirs_booth@gmail.com', 'Lorem ipsum dolor sit amet consectetur adipisicing elit.', 'UY', now(), 'Facebook', 'Overseas', 'Lorem ipsum dolor sit amet consectetur adipisicing elit.', 'ahora');
2022-06-07 01:56:40	| Data	|	INSERT INTO `main_clients` (`prefix`, `name`, `lastname`, `passport`, `phone`, `email`, `address`, `country`, `date_added`, `company`, `status`, `observations`, `last_touch`) VALUES
        ('Sr.', 'Bobbe', 'Bradshaw', '17802034213', '+11 9 (605) 3704', 'bobb_bradshaw@yahoo.com', 'Lorem ipsum dolor sit amet consectetur adipisicing elit.', 'MP', now(), 'Samsung', 'Arriving', 'Lorem ipsum dolor sit amet consectetur adipisicing elit.', 'ahora');
2022-06-07 01:56:40	| Data	|	INSERT INTO `main_clients` (`prefix`, `name`, `lastname`, `passport`, `phone`, `email`, `address`, `country`, `date_added`, `company`, `status`, `observations`, `last_touch`) VALUES
        ('Sr.', 'Merola', 'Flynn', '43704514081', '+89 10 (175) 4781', 'mero_flynn@gmail.com', 'Lorem ipsum dolor sit amet consectetur adipisicing elit.', 'KI', now(), 'Apple', 'Unknown', 'Lorem ipsum dolor sit amet consectetur adipisicing elit.', 'ahora');
2022-06-07 04:02:13	| Data	|	DELETE FROM main_vouchers WHERE `main_client` = '503'; DELETE FROM main_clients WHERE `id` = '503';
2022-06-07 04:07:30	| Data	|	INSERT INTO `main_clients` (`prefix`, `name`, `lastname`, `passport`, `phone`, `email`, `address`, `country`, `date_added`, `company`, `status`, `observations`, `last_touch`) VALUES
        ('Sr.', 'Lucilia', 'Bass', '63038487261', '+2 3 (150) 6047', 'luci_bass@yahoo.com', 'Lorem ipsum dolor sit amet consectetur adipisicing elit.', 'TV', now(), 'Facebook', 'Arriving', 'Lorem ipsum dolor sit amet consectetur adipisicing elit.', 'ahora');
2022-06-07 04:07:31	| Data	|	INSERT INTO `main_clients` (`prefix`, `name`, `lastname`, `passport`, `phone`, `email`, `address`, `country`, `date_added`, `company`, `status`, `observations`, `last_touch`) VALUES
        ('Dr.', 'Gweneth', 'Bravo', '33958970703', '+4 10 (65) 2722', 'gwen_bravo@outlook.com', 'Lorem ipsum dolor sit amet consectetur adipisicing elit.', 'AZ', now(), 'Apple', 'Arriving', 'Lorem ipsum dolor sit amet consectetur adipisicing elit.', 'ahora');
2022-06-07 04:07:31	| Data	|	INSERT INTO `main_clients` (`prefix`, `name`, `lastname`, `passport`, `phone`, `email`, `address`, `country`, `date_added`, `company`, `status`, `observations`, `last_touch`) VALUES
        ('Msc', 'Dinny', 'Carr', '51644069129', '+95 2 (509) 6877', 'dinn_carr@outlook.com', 'Lorem ipsum dolor sit amet consectetur adipisicing elit.', 'AR', now(), 'Yahoo', 'Overseas', 'Lorem ipsum dolor sit amet consectetur adipisicing elit.', 'ahora');
2022-06-07 04:07:32	| Data	|	INSERT INTO `main_clients` (`prefix`, `name`, `lastname`, `passport`, `phone`, `email`, `address`, `country`, `date_added`, `company`, `status`, `observations`, `last_touch`) VALUES
        ('Sr.', 'Madelin', 'Baxter', '27926114968', '+29 1 (587) 2255', 'made_baxter@aol.com', 'Lorem ipsum dolor sit amet consectetur adipisicing elit.', 'SO', now(), 'Facebook', 'Arriving', 'Lorem ipsum dolor sit amet consectetur adipisicing elit.', 'ahora');
2022-06-07 04:07:38	| Data	|	INSERT INTO `main_clients` (`prefix`, `name`, `lastname`, `passport`, `phone`, `email`, `address`, `country`, `date_added`, `company`, `status`, `observations`, `last_touch`) VALUES
        ('Msc', 'Hetty', 'Ibarra', '19790288940', '+11 2 (91) 5655', 'hett_ibarra@yahoo.com', 'Lorem ipsum dolor sit amet consectetur adipisicing elit.', 'CC', now(), 'Samsung', 'Traveling', 'Lorem ipsum dolor sit amet consectetur adipisicing elit.', 'ahora');
2022-06-07 04:07:39	| Data	|	INSERT INTO `main_clients` (`prefix`, `name`, `lastname`, `passport`, `phone`, `email`, `address`, `country`, `date_added`, `company`, `status`, `observations`, `last_touch`) VALUES
        ('Msc', 'Valentina', 'Colon', '18265040465', '+89 3 (802) 7429', 'vale_colon@gmail.com', 'Lorem ipsum dolor sit amet consectetur adipisicing elit.', 'TH', now(), 'Microsoft', 'Arrived', 'Lorem ipsum dolor sit amet consectetur adipisicing elit.', 'ahora');
2022-06-07 04:07:40	| Data	|	INSERT INTO `main_clients` (`prefix`, `name`, `lastname`, `passport`, `phone`, `email`, `address`, `country`, `date_added`, `company`, `status`, `observations`, `last_touch`) VALUES
        ('Dr.', 'Millicent', 'Campos', '18559322230', '+22 3 (640) 3467', 'mill_campos@apple.com', 'Lorem ipsum dolor sit amet consectetur adipisicing elit.', 'AG', now(), 'Yahoo', 'Unknown', 'Lorem ipsum dolor sit amet consectetur adipisicing elit.', 'ahora');
2022-06-07 19:31:23	| Data	|	SELECT * FROM general_users WHERE `username`='nesty' AND `password`='a4fd01f750dabff701339a213c3be6af'
2022-06-07 20:34:56	| Data	|	DELETE FROM main_vouchers WHERE `main_client` = '509'; DELETE FROM main_clients WHERE `id` = '509';
2022-06-07 20:54:30	| Data	|	SELECT * FROM general_users WHERE `username`='nesty' AND `password`='a4fd01f750dabff701339a213c3be6af'
2022-06-07 21:01:26	| Data	|	INSERT INTO `main_clients` (`prefix`, `name`, `lastname`, `passport`, `phone`, `email`, `address`, `country`, `date_added`, `company`, `status`, `observations`, `last_touch`) VALUES
        ('Msc', 'Johnath', 'Garrison', '70442337941', '+20 10 (878) 9022', 'john_garrison@aol.com', 'Lorem ipsum dolor sit amet consectetur adipisicing elit.', 'MO', now(), 'Samsung', 'Arriving', 'Lorem ipsum dolor sit amet consectetur adipisicing elit.', 'ahora');
2022-06-07 21:42:26	| Data	|	INSERT INTO `main_clients` (`prefix`, `name`, `lastname`, `passport`, `phone`, `email`, `address`, `country`, `date_added`, `company`, `status`, `observations`, `last_touch`) VALUES
        ('Sra.', 'Xylia', 'Hogan', '56460641599', '+29 8 (440) 5265', 'xyli_hogan@apple.com', 'Lorem ipsum dolor sit amet consectetur adipisicing elit.', 'CV', now(), 'Yahoo', 'Arriving', 'Lorem ipsum dolor sit amet consectetur adipisicing elit.', 'ahora');
2022-06-07 21:42:38	| Data	|	INSERT INTO `main_vouchers` (`main_client`, `type`, `data`, `in_date`, `out_date`, `information`, `service_partner`, `confirmation_number`) VALUES
        ('512', 'Hotel / House', 'asd', '2022-06-09', '2022-06-30', 'asdasd', 'Gaviota', '123');
