2022-06-18 03:34:39	| Logi	|		|	SELECT * FROM general_users WHERE `username`='nesty' AND `password`='a4fd01f750dabff701339a213c3be6af'
2022-06-18 03:39:19	| Data	|	nesty	|	INSERT INTO `price_list` (        `code`,        `name`,        `type`,        `place`,        `from_date`,        `to_date`,        `season`,        `plan`,        `price_pax_double`,        `price_simple`,        `price_tripled`,        `price_dinner`,        `hab_doble`,        `hab_simple`,        `hab_tripled`,        `offert`,        `offert_validity`,        `offert_from`,        `offert_to`,        `provider`,        `kids_policy`,        `room_vacancy`) VALUES (        'CUCA0128EST',        'Casa BL Tejadillo',        'Standar',        'Altstadt',        '2022-06-02',        '2022-06-16',        'Alta',        'Normal',        '20',        '40',        '60',        '15',        '25',        '30',        '70',        '15',        '15 dias',        '2022-06-10',        '2022-06-15',        'Gaviota',        'Permitidos',        '4');
2022-06-18 22:42:43	| Logi	|		|	SELECT * FROM general_users WHERE `username`='nesty' AND `password`='a4fd01f750dabff701339a213c3be6af'
2022-06-18 22:47:28	| Data	|	nesty	|	INSERT INTO `main_clients` (`prefix`, `name`, `lastname`, `passport`, `phone`, `email`, `address`, `country`, `date_added`, `company`, `status`, `observations`, `last_touch`) VALUES ('Sr.', 'Jose', 'Olazabal', '88090800307', '88090800307', 'os.nesty@gmail.com', 'Frierson Ave', 'US', now(), 'Microsoft Inc.', 'arrived', 'asdasd', 'ahora');
2022-06-18 22:53:34	| Data	|	nesty	|	INSERT INTO `main_clients` (`prefix`, `name`, `lastname`, `passport`, `phone`, `email`, `address`, `country`, `date_added`, `company`, `status`, `observations`, `last_touch`) VALUES ('Sra.', 'Selene', 'Bautista', '63142418192', '+45 1 (164) 3674', 'sele_bautista@gmail.com', 'Lorem ipsum dolor sit amet consectetur adipisicing elit.', 'IN', now(), 'Yahoo', 'Overseas', 'Lorem ipsum dolor sit amet consectetur adipisicing elit.', 'ahora');
2022-06-18 22:53:41	| Data	|	nesty	|	INSERT INTO `main_clients` (`prefix`, `name`, `lastname`, `passport`, `phone`, `email`, `address`, `country`, `date_added`, `company`, `status`, `observations`, `last_touch`) VALUES ('Msc', 'Lila', 'Friedman', '94461328468', '+7 8 (492) 6420', 'lila_friedman@aol.com', 'Lorem ipsum dolor sit amet consectetur adipisicing elit.', 'LC', now(), 'Microsoft', 'Overseas', 'Lorem ipsum dolor sit amet consectetur adipisicing elit.', 'ahora');
2022-06-18 22:53:51	| Data	|	nesty	|	INSERT INTO `main_clients` (`prefix`, `name`, `lastname`, `passport`, `phone`, `email`, `address`, `country`, `date_added`, `company`, `status`, `observations`, `last_touch`) VALUES ('Dr.', 'Shayla', 'Knox', '99171374430', '+37 4 (248) 5209', 'shay_knox@gmail.com', 'Lorem ipsum dolor sit amet consectetur adipisicing elit.', 'TG', now(), 'Facebook', 'Unknown', 'Lorem ipsum dolor sit amet consectetur adipisicing elit.', 'ahora');
2022-06-18 22:55:19	| Data	|	nesty	|	INSERT INTO `main_clients` (`prefix`, `name`, `lastname`, `passport`, `phone`, `email`, `address`, `country`, `date_added`, `company`, `status`, `observations`, `last_touch`) VALUES ('Dr.', 'Sharai', 'Liu', '21826297074', '+76 10 (977) 1464', 'shar_liu@outlook.com', 'Lorem ipsum dolor sit amet consectetur adipisicing elit.', 'CM', now(), 'Yahoo', 'Unknown', 'Lorem ipsum dolor sit amet consectetur adipisicing elit.', 'ahora');
2022-06-18 23:09:12	| Data	|	nesty	|	INSERT INTO `main_clients` (`prefix`, `name`, `lastname`, `passport`, `phone`, `email`, `address`, `country`, `date_added`, `company`, `status`, `observations`, `last_touch`) VALUES ('Sr.', 'Emilie', 'Gallagher', '78895329142', '+25 3 (677) 2475', 'emil_gallagher@aol.com', 'Lorem ipsum dolor sit amet consectetur adipisicing elit.', 'IM', now(), 'Microsoft', 'Overseas', 'Lorem ipsum dolor sit amet consectetur adipisicing elit.', 'ahora');
2022-06-18 23:09:41	| Data	|	nesty	|	INSERT INTO `main_clients` (`prefix`, `name`, `lastname`, `passport`, `phone`, `email`, `address`, `country`, `date_added`, `company`, `status`, `observations`, `last_touch`) VALUES ('Sra.', 'Sadella', 'Alvarado', '75208117672', '+67 9 (746) 8053', 'sade_alvarado@apple.com', 'Lorem ipsum dolor sit amet consectetur adipisicing elit.', 'MA', now(), 'Facebook', 'Overseas', 'Lorem ipsum dolor sit amet consectetur adipisicing elit.', 'ahora');
2022-06-18 23:11:47	| Data	|	nesty	|	INSERT INTO `main_clients` (`prefix`, `name`, `lastname`, `passport`, `phone`, `email`, `address`, `country`, `date_added`, `company`, `status`, `observations`, `last_touch`) VALUES ('Sr.', 'Demetria', 'Shepherd', '16225503408', '+99 10 (878) 4520', 'deme_shepherd@yahoo.com', 'Lorem ipsum dolor sit amet consectetur adipisicing elit.', 'ME', now(), 'Facebook', 'Unknown', 'Lorem ipsum dolor sit amet consectetur adipisicing elit.', 'ahora');
2022-06-18 23:13:12	| Data	|	nesty	|	INSERT INTO `main_clients` (`prefix`, `name`, `lastname`, `passport`, `phone`, `email`, `address`, `country`, `date_added`, `company`, `status`, `observations`, `last_touch`) VALUES ('Sra.', 'Dahlia', 'Morgan', '68186956742', '+28 6 (589) 9146', 'dahl_morgan@aol.com', 'Lorem ipsum dolor sit amet consectetur adipisicing elit.', 'RU', now(), 'Yahoo', 'Overseas', 'Lorem ipsum dolor sit amet consectetur adipisicing elit.', 'ahora');
2022-06-18 23:13:24	| Data	|	nesty	|	DELETE FROM main_vouchers WHERE `main_client` = '34'; DELETE FROM main_clients WHERE `id` = '34';
2022-06-18 23:13:24	| Data	|	nesty	|	DELETE FROM main_vouchers WHERE `main_client` = '33'; DELETE FROM main_clients WHERE `id` = '33';
2022-06-18 23:13:25	| Data	|	nesty	|	DELETE FROM main_vouchers WHERE `main_client` = '32'; DELETE FROM main_clients WHERE `id` = '32';
2022-06-18 23:13:25	| Data	|	nesty	|	DELETE FROM main_vouchers WHERE `main_client` = '26'; DELETE FROM main_clients WHERE `id` = '26';
2022-06-18 23:13:25	| Data	|	nesty	|	DELETE FROM main_vouchers WHERE `main_client` = '25'; DELETE FROM main_clients WHERE `id` = '25';
2022-06-18 23:13:25	| Data	|	nesty	|	DELETE FROM main_vouchers WHERE `main_client` = '23'; DELETE FROM main_clients WHERE `id` = '23';
2022-06-18 23:13:26	| Data	|	nesty	|	DELETE FROM main_vouchers WHERE `main_client` = '21'; DELETE FROM main_clients WHERE `id` = '21';
2022-06-18 23:13:26	| Data	|	nesty	|	DELETE FROM main_vouchers WHERE `main_client` = '20'; DELETE FROM main_clients WHERE `id` = '20';
2022-06-18 23:13:26	| Data	|	nesty	|	DELETE FROM main_vouchers WHERE `main_client` = '19'; DELETE FROM main_clients WHERE `id` = '19';
2022-06-18 23:13:26	| Data	|	nesty	|	DELETE FROM main_vouchers WHERE `main_client` = '18'; DELETE FROM main_clients WHERE `id` = '18';
2022-06-18 23:13:27	| Data	|	nesty	|	DELETE FROM main_vouchers WHERE `main_client` = '17'; DELETE FROM main_clients WHERE `id` = '17';
2022-06-18 23:13:27	| Data	|	nesty	|	DELETE FROM main_vouchers WHERE `main_client` = '16'; DELETE FROM main_clients WHERE `id` = '16';
2022-06-18 23:13:28	| Data	|	nesty	|	DELETE FROM main_vouchers WHERE `main_client` = '15'; DELETE FROM main_clients WHERE `id` = '15';
2022-06-18 23:13:29	| Data	|	nesty	|	DELETE FROM main_vouchers WHERE `main_client` = '14'; DELETE FROM main_clients WHERE `id` = '14';
2022-06-18 23:13:35	| Data	|	nesty	|	DELETE FROM main_vouchers WHERE `main_client` = '43'; DELETE FROM main_clients WHERE `id` = '43';
2022-06-18 23:13:35	| Data	|	nesty	|	DELETE FROM main_vouchers WHERE `main_client` = '42'; DELETE FROM main_clients WHERE `id` = '42';
2022-06-18 23:13:36	| Data	|	nesty	|	DELETE FROM main_vouchers WHERE `main_client` = '41'; DELETE FROM main_clients WHERE `id` = '41';
2022-06-18 23:13:36	| Data	|	nesty	|	DELETE FROM main_vouchers WHERE `main_client` = '40'; DELETE FROM main_clients WHERE `id` = '40';
2022-06-18 23:13:39	| Data	|	nesty	|	DELETE FROM main_vouchers WHERE `main_client` = '39'; DELETE FROM main_clients WHERE `id` = '39';
2022-06-18 23:13:40	| Data	|	nesty	|	DELETE FROM main_vouchers WHERE `main_client` = '38'; DELETE FROM main_clients WHERE `id` = '38';
2022-06-18 23:13:40	| Data	|	nesty	|	DELETE FROM main_vouchers WHERE `main_client` = '37'; DELETE FROM main_clients WHERE `id` = '37';
2022-06-18 23:13:40	| Data	|	nesty	|	DELETE FROM main_vouchers WHERE `main_client` = '36'; DELETE FROM main_clients WHERE `id` = '36';
2022-06-18 23:13:46	| Data	|	nesty	|	DELETE FROM main_vouchers WHERE `main_client` = '35'; DELETE FROM main_clients WHERE `id` = '35';
2022-06-18 23:13:46	| Data	|	nesty	|	DELETE FROM main_vouchers WHERE `main_client` = '12'; DELETE FROM main_clients WHERE `id` = '12';
2022-06-18 23:13:46	| Data	|	nesty	|	DELETE FROM main_vouchers WHERE `main_client` = '10'; DELETE FROM main_clients WHERE `id` = '10';
2022-06-18 23:13:47	| Data	|	nesty	|	DELETE FROM main_vouchers WHERE `main_client` = '9'; DELETE FROM main_clients WHERE `id` = '9';
2022-06-18 23:13:48	| Data	|	nesty	|	DELETE FROM main_vouchers WHERE `main_client` = '7'; DELETE FROM main_clients WHERE `id` = '7';
2022-06-18 23:16:52	| Data	|	nesty	|	INSERT INTO `main_clients` (`prefix`, `name`, `lastname`, `passport`, `phone`, `email`, `address`, `country`, `date_added`, `company`, `status`, `observations`, `last_touch`) VALUES ('Sra.', 'Ddene', 'Zavala', '18093368671', '+90 9 (512) 5931', 'dden_zavala@yahoo.com', 'Lorem ipsum dolor sit amet consectetur adipisicing elit.', 'NU', now(), 'Samsung', 'Unknown', 'Lorem ipsum dolor sit amet consectetur adipisicing elit.', 'ahora');
2022-06-18 23:17:00	| Data	|	nesty	|	INSERT INTO `main_clients` (`prefix`, `name`, `lastname`, `passport`, `phone`, `email`, `address`, `country`, `date_added`, `company`, `status`, `observations`, `last_touch`) VALUES ('Dr.', 'Wylma', 'Owen', '32478215065', '+38 1 (72) 1249', 'wylm_owen@outlook.com', 'Lorem ipsum dolor sit amet consectetur adipisicing elit.', 'TH', now(), 'Facebook', 'Overseas', 'Lorem ipsum dolor sit amet consectetur adipisicing elit.', 'ahora');
2022-06-18 23:17:29	| Data	|	nesty	|	INSERT INTO `main_clients` (`prefix`, `name`, `lastname`, `passport`, `phone`, `email`, `address`, `country`, `date_added`, `company`, `status`, `observations`, `last_touch`) VALUES ('Dr.', 'Antonella', 'Howard', '68206485226', '+47 4 (571) 6126', 'anto_howard@yahoo.com', 'Lorem ipsum dolor sit amet consectetur adipisicing elit.', 'LR', now(), 'Samsung', 'Unknown', 'Lorem ipsum dolor sit amet consectetur adipisicing elit.', 'ahora');
2022-06-18 23:18:20	| Data	|	nesty	|	INSERT INTO `main_clients` (`prefix`, `name`, `lastname`, `passport`, `phone`, `email`, `address`, `country`, `date_added`, `company`, `status`, `observations`, `last_touch`) VALUES ('Sr.', 'Ariana', 'Wise', '75966878704', '+80 9 (904) 3265', 'aria_wise@yahoo.com', 'Lorem ipsum dolor sit amet consectetur adipisicing elit.', 'MY', now(), 'Facebook', 'Arriving', 'Lorem ipsum dolor sit amet consectetur adipisicing elit.', 'ahora');
2022-06-18 23:18:32	| Data	|	nesty	|	INSERT INTO `main_clients` (`prefix`, `name`, `lastname`, `passport`, `phone`, `email`, `address`, `country`, `date_added`, `company`, `status`, `observations`, `last_touch`) VALUES ('Sra.', 'Lorianna', 'Harper', '9647902538', '+67 8 (459) 514', 'lori_harper@aol.com', 'Lorem ipsum dolor sit amet consectetur adipisicing elit.', 'LB', now(), 'Yahoo', 'Arrived', 'Lorem ipsum dolor sit amet consectetur adipisicing elit.', 'ahora');
2022-06-18 23:18:47	| Data	|	nesty	|	INSERT INTO `main_clients` (`prefix`, `name`, `lastname`, `passport`, `phone`, `email`, `address`, `country`, `date_added`, `company`, `status`, `observations`, `last_touch`) VALUES ('Dr.', 'Yolande', 'Ellis', '23408900532', '+68 3 (52) 583', 'yola_ellis@outlook.com', 'Lorem ipsum dolor sit amet consectetur adipisicing elit.', 'CN', now(), 'Apple', 'Arriving', 'Lorem ipsum dolor sit amet consectetur adipisicing elit.', 'ahora');
2022-06-18 23:21:56	| Data	|	nesty	|	INSERT INTO `main_clients` (`prefix`, `name`, `lastname`, `passport`, `phone`, `email`, `address`, `country`, `date_added`, `company`, `status`, `observations`, `last_touch`) VALUES ('Msc', 'Eveline', 'Donovan', '49727404077', '+6 4 (904) 8679', 'evel_donovan@apple.com', 'Lorem ipsum dolor sit amet consectetur adipisicing elit.', 'LV', now(), 'Samsung', 'Arriving', 'Lorem ipsum dolor sit amet consectetur adipisicing elit.', 'ahora');
2022-06-18 23:27:26	| Data	|	nesty	|	INSERT INTO `main_clients` (`prefix`, `name`, `lastname`, `passport`, `phone`, `email`, `address`, `date_added`, `country`, `date_added`, `company`, `status`, `observations`, `last_touch`) VALUES ('Msc', 'Mora', 'Barber', '31818682558', '+90 9 (909) 5511', 'mora_barber@outlook.com', 'Lorem ipsum dolor sit amet consectetur adipisicing elit.', 'Mon May 09 2022 22:14:30 GMT-0400 (Cuba Daylight Time)','SH', now(), 'Samsung', 'Unknown', 'Lorem ipsum dolor sit amet consectetur adipisicing elit.', 'ahora');
2022-06-18 23:27:38	| Data	|	nesty	|	INSERT INTO `main_clients` (`prefix`, `name`, `lastname`, `passport`, `phone`, `email`, `address`, `date_added`, `country`, `date_added`, `company`, `status`, `observations`, `last_touch`) VALUES ('Sr.', 'Elvira', 'Torres', '44064130384', '+96 10 (189) 6521', 'elvi_torres@apple.com', 'Lorem ipsum dolor sit amet consectetur adipisicing elit.', 'Sat Apr 16 2022 03:59:03 GMT-0400 (Cuba Daylight Time)','KE', now(), 'Apple', 'Overseas', 'Lorem ipsum dolor sit amet consectetur adipisicing elit.', 'ahora');
2022-06-18 23:28:38	| Data	|	nesty	|	INSERT INTO `main_clients` (`prefix`, `name`, `lastname`, `passport`, `phone`, `email`, `address`, `country`, `date_added`, `company`, `status`, `observations`, `last_touch`) VALUES ('Sra.', 'Sher', 'Tanner', '278667668', '+83 9 (131) 6029', 'sher_tanner@gmail.com', 'Lorem ipsum dolor sit amet consectetur adipisicing elit.','BT', 'Fri May 06 2022 08:15:40 GMT-0400 (Cuba Daylight Time)', 'Microsoft', 'Overseas', 'Lorem ipsum dolor sit amet consectetur adipisicing elit.', 'ahora');
2022-06-18 23:29:33	| Data	|	nesty	|	INSERT INTO `main_clients` (`prefix`, `name`, `lastname`, `passport`, `phone`, `email`, `address`, `country`, `date_added`, `company`, `status`, `observations`, `last_touch`) VALUES ('Sra.', 'Elladine', 'Brock', '80114127308', '+72 1 (786) 5229', 'ella_brock@apple.com', 'Lorem ipsum dolor sit amet consectetur adipisicing elit.','HT', '1/4/2022', 'Samsung', 'Arriving', 'Lorem ipsum dolor sit amet consectetur adipisicing elit.', 'ahora');
2022-06-18 23:31:32	| Data	|	nesty	|	INSERT INTO `main_clients` (`prefix`, `name`, `lastname`, `passport`, `phone`, `email`, `address`, `country`, `date_added`, `company`, `status`, `observations`, `last_touch`) VALUES ('Dr.', 'Miof Mela', 'Ali', '54439052831', '+66 9 (138) 5456', 'miof_ali@apple.com', 'Lorem ipsum dolor sit amet consectetur adipisicing elit.','KR', '2022-0-21', 'Microsoft', 'Traveling', 'Lorem ipsum dolor sit amet consectetur adipisicing elit.', 'ahora');
2022-06-18 23:31:55	| Data	|	nesty	|	INSERT INTO `main_clients` (`prefix`, `name`, `lastname`, `passport`, `phone`, `email`, `address`, `country`, `date_added`, `company`, `status`, `observations`, `last_touch`) VALUES ('Dr.', 'Masha', 'Gaines', '18603375988', '+13 9 (87) 609', 'mash_gaines@apple.com', 'Lorem ipsum dolor sit amet consectetur adipisicing elit.','AW', '2022-2-22', 'Facebook', 'Arrived', 'Lorem ipsum dolor sit amet consectetur adipisicing elit.', 'ahora');
2022-06-18 23:32:20	| Data	|	nesty	|	DELETE FROM main_vouchers WHERE `main_client` = '51'; DELETE FROM main_clients WHERE `id` = '51';
2022-06-18 23:32:22	| Data	|	nesty	|	DELETE FROM main_vouchers WHERE `main_client` = '50'; DELETE FROM main_clients WHERE `id` = '50';
2022-06-18 23:32:22	| Data	|	nesty	|	DELETE FROM main_vouchers WHERE `main_client` = '49'; DELETE FROM main_clients WHERE `id` = '49';
2022-06-18 23:32:36	| Data	|	nesty	|	INSERT INTO `main_clients` (`prefix`, `name`, `lastname`, `passport`, `phone`, `email`, `address`, `country`, `date_added`, `company`, `status`, `observations`, `last_touch`) VALUES ('Msc', 'Jeralee', 'Arnold', '40248133635', '+65 2 (60) 3600', 'jera_arnold@apple.com', 'Lorem ipsum dolor sit amet consectetur adipisicing elit.','NF', '2022-4-16', 'Yahoo', 'Arrived', 'Lorem ipsum dolor sit amet consectetur adipisicing elit.', 'ahora');
2022-06-18 23:32:43	| Data	|	nesty	|	INSERT INTO `main_clients` (`prefix`, `name`, `lastname`, `passport`, `phone`, `email`, `address`, `country`, `date_added`, `company`, `status`, `observations`, `last_touch`) VALUES ('Msc', 'Gracie', 'Reese', '58247978120', '+3 5 (760) 8471', 'grac_reese@gmail.com', 'Lorem ipsum dolor sit amet consectetur adipisicing elit.','SR', '2022-4-26', 'Yahoo', 'Arriving', 'Lorem ipsum dolor sit amet consectetur adipisicing elit.', 'ahora');
2022-06-18 23:32:51	| Data	|	nesty	|	INSERT INTO `main_clients` (`prefix`, `name`, `lastname`, `passport`, `phone`, `email`, `address`, `country`, `date_added`, `company`, `status`, `observations`, `last_touch`) VALUES ('Sr.', 'Arlinda', 'Palacios', '98823549152', '+22 2 (427) 9894', 'arli_palacios@apple.com', 'Lorem ipsum dolor sit amet consectetur adipisicing elit.','CI', '2022-0-21', 'Samsung', 'Overseas', 'Lorem ipsum dolor sit amet consectetur adipisicing elit.', 'ahora');
2022-06-18 23:35:42	| Data	|	nesty	|	INSERT INTO `main_clients` (`prefix`, `name`, `lastname`, `passport`, `phone`, `email`, `address`, `country`, `date_added`, `company`, `status`, `observations`, `last_touch`) VALUES ('Sr.', 'Allx', 'Hudson', '54562755928', '+79 5 (558) 3499', 'allx_hudson@aol.com', 'Lorem ipsum dolor sit amet consectetur adipisicing elit.','MM', '2022-2-23', 'Samsung', 'Arriving', 'Lorem ipsum dolor sit amet consectetur adipisicing elit.', 'ahora');
