2022-06-08 03:57:31	| Data	|	INSERT INTO `main_clients` (`prefix`, `name`, `lastname`, `passport`, `phone`, `email`, `address`, `country`, `date_added`, `company`, `status`, `observations`, `last_touch`) VALUES
        ('', '', '', '', '', '', '', '', now(), '', '', '', '');
2022-06-08 03:58:15	| Data	|	INSERT INTO `main_clients` (`prefix`, `name`, `lastname`, `passport`, `phone`, `email`, `address`, `country`, `date_added`, `company`, `status`, `observations`, `last_touch`) VALUES
        ('', '', '', '', '', '', '', '', now(), '', '', '', '');
2022-06-08 04:09:38	| Data	|	INSERT INTO `main_clients` (
         `code`,
         `name`, 
         `type`, 
         `place`, 
         `from_date`, 
         `to_date`, 
         `price`, 
         `price_doubled`, 
         `price_tripled`, 
         `occupancy`, 
         `coin`, 
         `coin_symbol`) VALUES (
        'CUCA0128EST', 
        'Casa BL Tejadillo', 
        'Standar', 
        'Altstadt', 
        '2021-11-01', 
        '2022-10-31', 
        '30', 
        '25', 
        '0', 
        'Ninguno', 
        'USD', 
        '$', 
        '');
2022-06-08 04:11:53	| Data	|	INSERT INTO `main_clients` (
         `code`,
         `name`, 
         `type`, 
         `place`, 
         `from_date`, 
         `to_date`, 
         `price`, 
         `price_doubled`, 
         `price_tripled`, 
         `occupancy`, 
         `coin`, 
         `coin_symbol`) VALUES (
        'CUCA0128EST', 
        'Casa BL Tejadillo', 
        'Standar', 
        'Altstadt', 
        '2021-11-01', 
        '2022-10-31', 
        '25', 
        '25', 
        '', 
        '2 ad', 
        'USD', 
        '$', 
        '');
2022-06-08 04:13:52	| Data	|	INSERT INTO `main_clients` (
         `code`,
         `name`, 
         `type`, 
         `place`, 
         `from_date`, 
         `to_date`, 
         `price`, 
         `price_doubled`, 
         `price_tripled`, 
         `occupancy`, 
         `coin`, 
         `coin_symbol`,
         `details`) VALUES (
        'CUCA0128EST', 
        'Casa BL Tejadillo', 
        'Standar', 
        'Altstadt', 
        '2021-11-01', 
        '2022-10-31', 
        '25', 
        '25', 
        '0', 
        '2 ad', 
        'USD', 
        '$', 
        '');
2022-06-08 04:16:58	| Data	|	INSERT INTO `price_list` (
         `code`,
         `name`, 
         `type`, 
         `place`, 
         `from_date`, 
         `to_date`, 
         `price`, 
         `price_doubled`, 
         `price_tripled`, 
         `occupancy`, 
         `coin`, 
         `coin_symbol`,
         `details`) VALUES (
        'CUCA0128EST', 
        'Casa BL Tejadillo', 
        'Standar', 
        'Altstadt', 
        '2021-11-01', 
        '2022-10-31', 
        '25', 
        '25', 
        '0', 
        '2 ad', 
        'USD', 
        '$', 
        'Ninguno');
2022-06-08 04:22:07	| Data	|	INSERT INTO `price_list` (
         `code`,
         `name`, 
         `type`, 
         `place`, 
         `from_date`, 
         `to_date`, 
         `price`, 
         `price_double`, 
         `price_tripled`, 
         `occupancy`, 
         `coin`, 
         `coin_symbol`,
         `details`) VALUES (
        'CUCA0128EST', 
        'Casa BL Tejadillo', 
        'Standar', 
        'Altstadt', 
        '2021-11-01', 
        '2022-10-31', 
        '25', 
        '25', 
        '0', 
        '2 ad', 
        'USD', 
        '$', 
        'Ninguno');
2022-06-08 04:23:04	| Data	|	INSERT INTO `price_list` (
         `code`,
         `name`, 
         `type`, 
         `place`, 
         `from_date`, 
         `to_date`, 
         `price`, 
         `price_double`, 
         `price_tripled`, 
         `occupancy`, 
         `coin`, 
         `coin_symbol`,
         `details`) VALUES (
        'CUCA0128EST', 
        'Casa BL Tejadillo', 
        'Standar', 
        'Altstadt', 
        '2021-11-01', 
        '2022-10-31', 
        '25', 
        '25', 
        '0', 
        '2 ad', 
        'USD', 
        '$', 
        'Ninguno');
2022-06-08 04:24:34	| Data	|	INSERT INTO `price_list` (         `code`,         `name`,          `type`,          `place`,          `from_date`,          `to_date`,          `price`,          `price_double`,          `price_tripled`,          `occupancy`,          `coin`,          `coin_symbol`,         `details`) VALUES (        'CUCA0128EST',         'Casa BL Tejadillo',         'Standar',         'Altstadt',         '2022-06-02',         '2022-06-24',         '25',         '25',         '0',         '2 ad',         'USD',         '$',         'Ninguno');
2022-06-08 04:25:23	| Data	|	INSERT INTO `price_list` (
         `code`,
         `name`, 
         `type`, 
         `place`, 
         `from_date`, 
         `to_date`, 
         `price`, 
         `price_double`, 
         `price_tripled`, 
         `occupancy`, 
         `coin`, 
         `coin_symbol`,
         `details`) VALUES (
        'CUCA0128EST', 
        'Casa BL Tejadillo', 
        'Standar', 
        'Altstadt', 
        '2022-06-02', 
        '2022-06-17', 
        '25', 
        '25', 
        '0', 
        '2 ad', 
        'USD', 
        '$', 
        '');
